{"uid":"a538737873673de8","name":"checkCreateNewProjectWithoutValues","fullName":"tests.ui.negative_tests.NegativeProjectTest.checkCreateNewProjectWithoutValues","historyId":"b21b5f1e4a51e3e9d50a24c5fe6ee1ed","time":{"start":1752846036278,"stop":1752846036301,"duration":23},"status":"broken","statusMessage":"Cannot invoke \"java.lang.CharSequence.length()\" because \"this.text\" is null","statusTrace":"java.lang.NullPointerException: Cannot invoke \"java.lang.CharSequence.length()\" because \"this.text\" is null\n\tat java.base/java.util.regex.Matcher.getTextLength(Matcher.java:1769)\n\tat java.base/java.util.regex.Matcher.reset(Matcher.java:415)\n\tat java.base/java.util.regex.Matcher.<init>(Matcher.java:252)\n\tat java.base/java.util.regex.Pattern.matcher(Pattern.java:1134)\n\tat com.codeborne.selenide.drivercommands.Navigator.isAbsoluteUrl(Navigator.java:127)\n\tat com.codeborne.selenide.drivercommands.Navigator.absoluteUrl(Navigator.java:54)\n\tat com.codeborne.selenide.drivercommands.Navigator.navigateTo(Navigator.java:63)\n\tat com.codeborne.selenide.drivercommands.Navigator.open(Navigator.java:29)\n\tat com.codeborne.selenide.SelenideDriver.open(SelenideDriver.java:86)\n\tat com.codeborne.selenide.Selenide.open(Selenide.java:50)\n\tat pages.ui.LoginPage.openPage(LoginPage.java:21)\n\tat tests.ui.negative_tests.NegativeProjectTest.checkCreateNewProjectWithoutValues(NegativeProjectTest.java:17)\n\tat java.base/jdk.internal.reflect.NativeMethodAccessorImpl.invoke0(Native Method)\n\tat java.base/jdk.internal.reflect.NativeMethodAccessorImpl.invoke(NativeMethodAccessorImpl.java:77)\n\tat java.base/jdk.internal.reflect.DelegatingMethodAccessorImpl.invoke(DelegatingMethodAccessorImpl.java:43)\n\tat java.base/java.lang.reflect.Method.invoke(Method.java:569)\n\tat org.testng.internal.invokers.MethodInvocationHelper.invokeMethod(MethodInvocationHelper.java:141)\n\tat org.testng.internal.invokers.TestInvoker.invokeMethod(TestInvoker.java:687)\n\tat org.testng.internal.invokers.TestInvoker.invokeTestMethod(TestInvoker.java:230)\n\tat org.testng.internal.invokers.MethodRunner.runInSequence(MethodRunner.java:63)\n\tat org.testng.internal.invokers.TestInvoker$MethodInvocationAgent.invoke(TestInvoker.java:995)\n\tat org.testng.internal.invokers.TestInvoker.invokeTestMethods(TestInvoker.java:203)\n\tat org.testng.internal.invokers.TestMethodWorker.invokeTestMethods(TestMethodWorker.java:154)\n\tat org.testng.internal.invokers.TestMethodWorker.run(TestMethodWorker.java:134)\n\tat java.base/java.util.ArrayList.forEach(ArrayList.java:1511)\n\tat org.testng.TestRunner.privateRun(TestRunner.java:741)\n\tat org.testng.TestRunner.run(TestRunner.java:616)\n\tat org.testng.SuiteRunner.runTest(SuiteRunner.java:421)\n\tat org.testng.SuiteRunner$SuiteWorker.run(SuiteRunner.java:463)\n\tat org.testng.internal.thread.ThreadUtil.lambda$execute$0(ThreadUtil.java:64)\n\tat java.base/java.util.concurrent.FutureTask.run(FutureTask.java:264)\n\tat java.base/java.util.concurrent.ThreadPoolExecutor.runWorker(ThreadPoolExecutor.java:1136)\n\tat java.base/java.util.concurrent.ThreadPoolExecutor$Worker.run(ThreadPoolExecutor.java:635)\n\tat java.base/java.lang.Thread.run(Thread.java:840)\n","flaky":false,"newFailed":false,"newBroken":false,"newPassed":false,"retriesCount":0,"retriesStatusChange":false,"beforeStages":[{"name":"Open browser","time":{"start":1752846035741,"stop":1752846036121,"duration":380},"description":"Open browser","status":"passed","steps":[],"attachments":[],"parameters":[],"shouldDisplayMessage":false,"stepsCount":0,"attachmentsCount":0,"hasContent":false,"attachmentStep":false}],"testStage":{"status":"broken","statusMessage":"Cannot invoke \"java.lang.CharSequence.length()\" because \"this.text\" is null","statusTrace":"java.lang.NullPointerException: Cannot invoke \"java.lang.CharSequence.length()\" because \"this.text\" is null\n\tat java.base/java.util.regex.Matcher.getTextLength(Matcher.java:1769)\n\tat java.base/java.util.regex.Matcher.reset(Matcher.java:415)\n\tat java.base/java.util.regex.Matcher.<init>(Matcher.java:252)\n\tat java.base/java.util.regex.Pattern.matcher(Pattern.java:1134)\n\tat com.codeborne.selenide.drivercommands.Navigator.isAbsoluteUrl(Navigator.java:127)\n\tat com.codeborne.selenide.drivercommands.Navigator.absoluteUrl(Navigator.java:54)\n\tat com.codeborne.selenide.drivercommands.Navigator.navigateTo(Navigator.java:63)\n\tat com.codeborne.selenide.drivercommands.Navigator.open(Navigator.java:29)\n\tat com.codeborne.selenide.SelenideDriver.open(SelenideDriver.java:86)\n\tat com.codeborne.selenide.Selenide.open(Selenide.java:50)\n\tat pages.ui.LoginPage.openPage(LoginPage.java:21)\n\tat tests.ui.negative_tests.NegativeProjectTest.checkCreateNewProjectWithoutValues(NegativeProjectTest.java:17)\n\tat java.base/jdk.internal.reflect.NativeMethodAccessorImpl.invoke0(Native Method)\n\tat java.base/jdk.internal.reflect.NativeMethodAccessorImpl.invoke(NativeMethodAccessorImpl.java:77)\n\tat java.base/jdk.internal.reflect.DelegatingMethodAccessorImpl.invoke(DelegatingMethodAccessorImpl.java:43)\n\tat java.base/java.lang.reflect.Method.invoke(Method.java:569)\n\tat org.testng.internal.invokers.MethodInvocationHelper.invokeMethod(MethodInvocationHelper.java:141)\n\tat org.testng.internal.invokers.TestInvoker.invokeMethod(TestInvoker.java:687)\n\tat org.testng.internal.invokers.TestInvoker.invokeTestMethod(TestInvoker.java:230)\n\tat org.testng.internal.invokers.MethodRunner.runInSequence(MethodRunner.java:63)\n\tat org.testng.internal.invokers.TestInvoker$MethodInvocationAgent.invoke(TestInvoker.java:995)\n\tat org.testng.internal.invokers.TestInvoker.invokeTestMethods(TestInvoker.java:203)\n\tat org.testng.internal.invokers.TestMethodWorker.invokeTestMethods(TestMethodWorker.java:154)\n\tat org.testng.internal.invokers.TestMethodWorker.run(TestMethodWorker.java:134)\n\tat java.base/java.util.ArrayList.forEach(ArrayList.java:1511)\n\tat org.testng.TestRunner.privateRun(TestRunner.java:741)\n\tat org.testng.TestRunner.run(TestRunner.java:616)\n\tat org.testng.SuiteRunner.runTest(SuiteRunner.java:421)\n\tat org.testng.SuiteRunner$SuiteWorker.run(SuiteRunner.java:463)\n\tat org.testng.internal.thread.ThreadUtil.lambda$execute$0(ThreadUtil.java:64)\n\tat java.base/java.util.concurrent.FutureTask.run(FutureTask.java:264)\n\tat java.base/java.util.concurrent.ThreadPoolExecutor.runWorker(ThreadPoolExecutor.java:1136)\n\tat java.base/java.util.concurrent.ThreadPoolExecutor$Worker.run(ThreadPoolExecutor.java:635)\n\tat java.base/java.lang.Thread.run(Thread.java:840)\n","steps":[{"name":"Open Login page","time":{"start":1752846036292,"stop":1752846036295,"duration":3},"status":"broken","statusMessage":"Cannot invoke \"java.lang.CharSequence.length()\" because \"this.text\" is null","statusTrace":"java.lang.NullPointerException: Cannot invoke \"java.lang.CharSequence.length()\" because \"this.text\" is null\n\tat java.base/java.util.regex.Matcher.getTextLength(Matcher.java:1769)\n\tat java.base/java.util.regex.Matcher.reset(Matcher.java:415)\n\tat java.base/java.util.regex.Matcher.<init>(Matcher.java:252)\n\tat java.base/java.util.regex.Pattern.matcher(Pattern.java:1134)\n\tat com.codeborne.selenide.drivercommands.Navigator.isAbsoluteUrl(Navigator.java:127)\n\tat com.codeborne.selenide.drivercommands.Navigator.absoluteUrl(Navigator.java:54)\n\tat com.codeborne.selenide.drivercommands.Navigator.navigateTo(Navigator.java:63)\n\tat com.codeborne.selenide.drivercommands.Navigator.open(Navigator.java:29)\n\tat com.codeborne.selenide.SelenideDriver.open(SelenideDriver.java:86)\n\tat com.codeborne.selenide.Selenide.open(Selenide.java:50)\n\tat pages.ui.LoginPage.openPage(LoginPage.java:21)\n\tat tests.ui.negative_tests.NegativeProjectTest.checkCreateNewProjectWithoutValues(NegativeProjectTest.java:17)\n\tat java.base/jdk.internal.reflect.NativeMethodAccessorImpl.invoke0(Native Method)\n\tat java.base/jdk.internal.reflect.NativeMethodAccessorImpl.invoke(NativeMethodAccessorImpl.java:77)\n\tat java.base/jdk.internal.reflect.DelegatingMethodAccessorImpl.invoke(DelegatingMethodAccessorImpl.java:43)\n\tat java.base/java.lang.reflect.Method.invoke(Method.java:569)\n\tat org.testng.internal.invokers.MethodInvocationHelper.invokeMethod(MethodInvocationHelper.java:141)\n\tat org.testng.internal.invokers.TestInvoker.invokeMethod(TestInvoker.java:687)\n\tat org.testng.internal.invokers.TestInvoker.invokeTestMethod(TestInvoker.java:230)\n\tat org.testng.internal.invokers.MethodRunner.runInSequence(MethodRunner.java:63)\n\tat org.testng.internal.invokers.TestInvoker$MethodInvocationAgent.invoke(TestInvoker.java:995)\n\tat org.testng.internal.invokers.TestInvoker.invokeTestMethods(TestInvoker.java:203)\n\tat org.testng.internal.invokers.TestMethodWorker.invokeTestMethods(TestMethodWorker.java:154)\n\tat org.testng.internal.invokers.TestMethodWorker.run(TestMethodWorker.java:134)\n\tat java.base/java.util.ArrayList.forEach(ArrayList.java:1511)\n\tat org.testng.TestRunner.privateRun(TestRunner.java:741)\n\tat org.testng.TestRunner.run(TestRunner.java:616)\n\tat org.testng.SuiteRunner.runTest(SuiteRunner.java:421)\n\tat org.testng.SuiteRunner$SuiteWorker.run(SuiteRunner.java:463)\n\tat org.testng.internal.thread.ThreadUtil.lambda$execute$0(ThreadUtil.java:64)\n\tat java.base/java.util.concurrent.FutureTask.run(FutureTask.java:264)\n\tat java.base/java.util.concurrent.ThreadPoolExecutor.runWorker(ThreadPoolExecutor.java:1136)\n\tat java.base/java.util.concurrent.ThreadPoolExecutor$Worker.run(ThreadPoolExecutor.java:635)\n\tat java.base/java.lang.Thread.run(Thread.java:840)\n","steps":[],"attachments":[],"parameters":[],"shouldDisplayMessage":true,"stepsCount":0,"attachmentsCount":0,"hasContent":true,"attachmentStep":false}],"attachments":[],"parameters":[],"shouldDisplayMessage":false,"stepsCount":1,"attachmentsCount":0,"hasContent":true,"attachmentStep":false},"afterStages":[{"name":"Close browser","time":{"start":1752846036321,"stop":1752846036322,"duration":1},"description":"Close browser","status":"passed","steps":[],"attachments":[],"parameters":[],"shouldDisplayMessage":false,"stepsCount":0,"attachmentsCount":0,"hasContent":false,"attachmentStep":false}],"labels":[{"name":"package","value":"tests.ui.negative_tests.NegativeProjectTest"},{"name":"testClass","value":"tests.ui.negative_tests.NegativeProjectTest"},{"name":"testMethod","value":"checkCreateNewProjectWithoutValues"},{"name":"parentSuite","value":"CrossBrowser Run"},{"name":"suite","value":"FireFox"},{"name":"subSuite","value":"tests.ui.negative_tests.NegativeProjectTest"},{"name":"host","value":"pkrvmq0rgcvqdmg"},{"name":"thread","value":"2571@pkrvmq0rgcvqdmg.TestNG-tests-2(21)"},{"name":"framework","value":"testng"},{"name":"language","value":"java"},{"name":"resultFormat","value":"allure2"}],"parameters":[{"name":"browser","value":"firefox"}],"links":[],"hidden":false,"retry":false,"extra":{"severity":"normal","retries":[],"categories":[{"name":"Test defects","matchedStatuses":[],"flaky":false}],"tags":[]},"source":"a538737873673de8.json","parameterValues":["firefox"]}