{"uid":"2d7e31cd3c27db6b","name":"checkCreateNewProject","fullName":"tests.ui.positive_tests.PositiveProjectTest.checkCreateNewProject","historyId":"c3efb0c1a35f6305ac5ab02f9980f414","time":{"start":1752851481465,"stop":1752851489471,"duration":8006},"status":"passed","flaky":false,"newFailed":false,"newBroken":false,"newPassed":false,"retriesCount":0,"retriesStatusChange":false,"beforeStages":[{"name":"Open browser","time":{"start":1752851474349,"stop":1752851481432,"duration":7083},"description":"Open browser","status":"passed","steps":[],"attachments":[],"parameters":[],"shouldDisplayMessage":false,"stepsCount":0,"attachmentsCount":0,"hasContent":false,"attachmentStep":false}],"testStage":{"status":"passed","steps":[{"name":"Open Login page","time":{"start":1752851481488,"stop":1752851483187,"duration":1699},"status":"passed","steps":[{"name":"$(\"open\") https://qatesttestrailfinalproject123.testrail.io/index.php?/auth/login/","time":{"start":1752851481490,"stop":1752851483186,"duration":1696},"status":"passed","steps":[],"attachments":[],"parameters":[],"shouldDisplayMessage":false,"stepsCount":0,"attachmentsCount":0,"hasContent":false,"attachmentStep":false}],"attachments":[],"parameters":[],"shouldDisplayMessage":false,"stepsCount":1,"attachmentsCount":0,"hasContent":true,"attachmentStep":false},{"name":"Login page is open","time":{"start":1752851483187,"stop":1752851483306,"duration":119},"status":"passed","steps":[{"name":"$(\"[data-testid='loginIdName']\") should be(visible)","time":{"start":1752851483205,"stop":1752851483306,"duration":101},"status":"passed","steps":[],"attachments":[],"parameters":[],"shouldDisplayMessage":false,"stepsCount":0,"attachmentsCount":0,"hasContent":false,"attachmentStep":false}],"attachments":[],"parameters":[],"shouldDisplayMessage":false,"stepsCount":1,"attachmentsCount":0,"hasContent":true,"attachmentStep":false},{"name":"Login","time":{"start":1752851483306,"stop":1752851484923,"duration":1617},"status":"passed","steps":[{"name":"$(\"[data-testid='loginIdName']\") set value(polinasone55@gmail.com)","time":{"start":1752851483306,"stop":1752851483554,"duration":248},"status":"passed","steps":[],"attachments":[],"parameters":[],"shouldDisplayMessage":false,"stepsCount":0,"attachmentsCount":0,"hasContent":false,"attachmentStep":false},{"name":"$(\"[data-testid='loginPasswordFormDialog']\") set value(Qq1234567!)","time":{"start":1752851483554,"stop":1752851483702,"duration":148},"status":"passed","steps":[],"attachments":[],"parameters":[],"shouldDisplayMessage":false,"stepsCount":0,"attachmentsCount":0,"hasContent":false,"attachmentStep":false},{"name":"$(\"[data-testid='loginPasswordFormDialog']\") submit()","time":{"start":1752851483703,"stop":1752851484923,"duration":1220},"status":"passed","steps":[],"attachments":[],"parameters":[],"shouldDisplayMessage":false,"stepsCount":0,"attachmentsCount":0,"hasContent":false,"attachmentStep":false}],"attachments":[],"parameters":[],"shouldDisplayMessage":false,"stepsCount":3,"attachmentsCount":0,"hasContent":true,"attachmentStep":false},{"name":"Verify project page is opened","time":{"start":1752851484924,"stop":1752851484947,"duration":23},"status":"passed","steps":[{"name":"$(\"[data-testid='testCaseContentHeaderTitle']\") should be(visible)","time":{"start":1752851484924,"stop":1752851484946,"duration":22},"status":"passed","steps":[],"attachments":[],"parameters":[],"shouldDisplayMessage":false,"stepsCount":0,"attachmentsCount":0,"hasContent":false,"attachmentStep":false}],"attachments":[],"parameters":[],"shouldDisplayMessage":false,"stepsCount":1,"attachmentsCount":0,"hasContent":true,"attachmentStep":false},{"name":"Click on 'Add new project' button","time":{"start":1752851484947,"stop":1752851488623,"duration":3676},"status":"passed","steps":[{"name":"$(\"#pendo-close-guide-b5501343\") should be([visible, 3 s.])","time":{"start":1752851484948,"stop":1752851488248,"duration":3300},"status":"failed","statusMessage":"Element not found {#pendo-close-guide-b5501343}\nExpected: visible\nScreenshot: file:/home/runner/work/TestRail/TestRail/build/reports/tests/1752851488000.0.png\nPage source: file:/home/runner/work/TestRail/TestRail/build/reports/tests/1752851488000.0.html\nTimeout: 3 s.\nCaused by: NoSuchElementException: no such element: Unable to locate element: {\"method\":\"css selector\",\"selector\":\"#pendo\\-close\\-guide\\-b5501343\"}","statusTrace":"Element not found {#pendo-close-guide-b5501343}\nExpected: visible\nScreenshot: file:/home/runner/work/TestRail/TestRail/build/reports/tests/1752851488000.0.png\nPage source: file:/home/runner/work/TestRail/TestRail/build/reports/tests/1752851488000.0.html\nTimeout: 3 s.\nCaused by: NoSuchElementException: no such element: Unable to locate element: {\"method\":\"css selector\",\"selector\":\"#pendo\\-close\\-guide\\-b5501343\"}\n\tat com.codeborne.selenide.impl.WebElementSource.createElementNotFoundError(WebElementSource.java:89)\n\tat com.codeborne.selenide.impl.ElementFinder.createElementNotFoundError(ElementFinder.java:129)\n\tat com.codeborne.selenide.impl.WebElementSource.handleError(WebElementSource.java:140)\n\tat com.codeborne.selenide.impl.WebElementSource.checkConditionAndReturnElement(WebElementSource.java:123)\n\tat com.codeborne.selenide.impl.WebElementSource.checkCondition(WebElementSource.java:99)\n\tat com.codeborne.selenide.commands.Should.execute(Should.java:24)\n\tat com.codeborne.selenide.FluentCommand.execute(FluentCommand.java:27)\n\tat com.codeborne.selenide.FluentCommand.execute(FluentCommand.java:19)\n\tat com.codeborne.selenide.commands.Commands.execute(Commands.java:160)\n\tat com.codeborne.selenide.impl.SelenideElementProxy.dispatchAndRetry(SelenideElementProxy.java:131)\n\tat com.codeborne.selenide.impl.SelenideElementProxy.invoke(SelenideElementProxy.java:83)\n\tat jdk.proxy2/jdk.proxy2.$Proxy25.shouldBe(Unknown Source)\n\tat pages.ui.AddProjectPage.clickOnAddNewProjectButton(AddProjectPage.java:32)\n\tat tests.ui.positive_tests.PositiveProjectTest.checkCreateNewProject(PositiveProjectTest.java:21)\n\tat java.base/jdk.internal.reflect.NativeMethodAccessorImpl.invoke0(Native Method)\n\tat java.base/jdk.internal.reflect.NativeMethodAccessorImpl.invoke(NativeMethodAccessorImpl.java:77)\n\tat java.base/jdk.internal.reflect.DelegatingMethodAccessorImpl.invoke(DelegatingMethodAccessorImpl.java:43)\n\tat java.base/java.lang.reflect.Method.invoke(Method.java:569)\n\tat org.testng.internal.invokers.MethodInvocationHelper.invokeMethod(MethodInvocationHelper.java:141)\n\tat org.testng.internal.invokers.TestInvoker.invokeMethod(TestInvoker.java:687)\n\tat org.testng.internal.invokers.TestInvoker.invokeTestMethod(TestInvoker.java:230)\n\tat org.testng.internal.invokers.MethodRunner.runInSequence(MethodRunner.java:63)\n\tat org.testng.internal.invokers.TestInvoker$MethodInvocationAgent.invoke(TestInvoker.java:995)\n\tat org.testng.internal.invokers.TestInvoker.invokeTestMethods(TestInvoker.java:203)\n\tat org.testng.internal.invokers.TestMethodWorker.invokeTestMethods(TestMethodWorker.java:154)\n\tat org.testng.internal.invokers.TestMethodWorker.run(TestMethodWorker.java:134)\n\tat java.base/java.util.ArrayList.forEach(ArrayList.java:1511)\n\tat org.testng.TestRunner.privateRun(TestRunner.java:741)\n\tat org.testng.TestRunner.run(TestRunner.java:616)\n\tat org.testng.SuiteRunner.runTest(SuiteRunner.java:421)\n\tat org.testng.SuiteRunner$SuiteWorker.run(SuiteRunner.java:463)\n\tat org.testng.internal.thread.ThreadUtil.lambda$execute$0(ThreadUtil.java:64)\n\tat java.base/java.util.concurrent.FutureTask.run(FutureTask.java:264)\n\tat java.base/java.util.concurrent.ThreadPoolExecutor.runWorker(ThreadPoolExecutor.java:1136)\n\tat java.base/java.util.concurrent.ThreadPoolExecutor$Worker.run(ThreadPoolExecutor.java:635)\n\tat java.base/java.lang.Thread.run(Thread.java:840)\nCaused by: org.openqa.selenium.NoSuchElementException: no such element: Unable to locate element: {\"method\":\"css selector\",\"selector\":\"#pendo\\-close\\-guide\\-b5501343\"}\n  (Session info: chrome=138.0.7204.100)\nFor documentation on this error, please visit: https://www.selenium.dev/documentation/webdriver/troubleshooting/errors#no-such-element-exception\nBuild info: version: '4.33.0', revision: '2c6aaad03a'\nSystem info: os.name: 'Linux', os.arch: 'amd64', os.version: '6.11.0-1018-azure', java.version: '17.0.15'\nDriver info: org.openqa.selenium.chrome.ChromeDriver\nCommand: [c472419638335d6d8987e5264a0ec789, findElement {value=pendo-close-guide-b5501343, using=id}]\nCapabilities {acceptInsecureCerts: false, browserName: chrome, browserVersion: 138.0.7204.100, chrome: {chromedriverVersion: 138.0.7204.94 (545025748884..., userDataDir: /tmp/.org.chromium.Chromium...}, fedcm:accounts: true, goog:chromeOptions: {debuggerAddress: localhost:32899}, networkConnectionEnabled: false, pageLoadStrategy: normal, platformName: linux, proxy: Proxy(), se:cdp: ws://localhost:32899/devtoo..., se:cdpVersion: 138.0.7204.100, setWindowRect: true, strictFileInteractability: false, timeouts: {implicit: 0, pageLoad: 300000, script: 30000}, unhandledPromptBehavior: dismiss and notify, webauthn:extension:credBlob: true, webauthn:extension:largeBlob: true, webauthn:extension:minPinLength: true, webauthn:extension:prf: true, webauthn:virtualAuthenticators: true}\nSession ID: c472419638335d6d8987e5264a0ec789\n\tat java.base/jdk.internal.reflect.NativeConstructorAccessorImpl.newInstance0(Native Method)\n\tat java.base/jdk.internal.reflect.NativeConstructorAccessorImpl.newInstance(NativeConstructorAccessorImpl.java:77)\n\tat java.base/jdk.internal.reflect.DelegatingConstructorAccessorImpl.newInstance(DelegatingConstructorAccessorImpl.java:45)\n\tat java.base/java.lang.reflect.Constructor.newInstanceWithCaller(Constructor.java:500)\n\tat java.base/java.lang.reflect.Constructor.newInstance(Constructor.java:481)\n\tat org.openqa.selenium.remote.ErrorCodec.decode(ErrorCodec.java:167)\n\tat org.openqa.selenium.remote.codec.w3c.W3CHttpResponseCodec.decode(W3CHttpResponseCodec.java:138)\n\tat org.openqa.selenium.remote.codec.w3c.W3CHttpResponseCodec.decode(W3CHttpResponseCodec.java:50)\n\tat org.openqa.selenium.remote.HttpCommandExecutor.execute(HttpCommandExecutor.java:215)\n\tat org.openqa.selenium.remote.service.DriverCommandExecutor.invokeExecute(DriverCommandExecutor.java:216)\n\tat org.openqa.selenium.remote.service.DriverCommandExecutor.execute(DriverCommandExecutor.java:174)\n\tat org.openqa.selenium.remote.RemoteWebDriver.execute(RemoteWebDriver.java:544)\n\tat org.openqa.selenium.remote.ElementLocation$ElementFinder$2.findElement(ElementLocation.java:165)\n\tat org.openqa.selenium.remote.ElementLocation.findElement(ElementLocation.java:59)\n\tat org.openqa.selenium.remote.RemoteWebDriver.findElement(RemoteWebDriver.java:367)\n\tat org.openqa.selenium.remote.RemoteWebDriver.findElement(RemoteWebDriver.java:361)\n\tat com.codeborne.selenide.impl.WebElementSelector.findElement(WebElementSelector.java:67)\n\tat com.codeborne.selenide.impl.WebElementSelector.findElement(WebElementSelector.java:38)\n\tat com.codeborne.selenide.impl.WebElementSelector.findElement(WebElementSelector.java:29)\n\tat com.codeborne.selenide.impl.ElementFinder.getWebElement(ElementFinder.java:113)\n\tat com.codeborne.selenide.impl.WebElementSource.checkConditionAndReturnElement(WebElementSource.java:112)\n\t... 32 more\n","steps":[],"attachments":[{"uid":"78902efd4ca65ede","name":"Screenshot","source":"78902efd4ca65ede.png","type":"image/png","size":76614}],"parameters":[],"shouldDisplayMessage":true,"stepsCount":0,"attachmentsCount":1,"hasContent":true,"attachmentStep":false},{"name":"$(\"[data-testid='sidebarProjectsAddButton']\") click()","time":{"start":1752851488248,"stop":1752851488623,"duration":375},"status":"passed","steps":[],"attachments":[],"parameters":[],"shouldDisplayMessage":false,"stepsCount":0,"attachmentsCount":0,"hasContent":false,"attachmentStep":false}],"attachments":[],"parameters":[],"shouldDisplayMessage":false,"stepsCount":2,"attachmentsCount":1,"hasContent":true,"attachmentStep":false},{"name":"Create new project with name: 'QA esc' and announcement: 'Project Description qfu'","time":{"start":1752851488625,"stop":1752851489295,"duration":670},"status":"passed","steps":[{"name":"$(\"[data-testid='addProjectNameInput']\") set value(QA esc)","time":{"start":1752851488625,"stop":1752851488722,"duration":97},"status":"passed","steps":[],"attachments":[],"parameters":[],"shouldDisplayMessage":false,"stepsCount":0,"attachmentsCount":0,"hasContent":false,"attachmentStep":false},{"name":"$(\"[data-testid='addEditProjectAnnouncement']\") set value(Project Description qfu)","time":{"start":1752851488722,"stop":1752851488890,"duration":168},"status":"passed","steps":[],"attachments":[],"parameters":[],"shouldDisplayMessage":false,"stepsCount":0,"attachmentsCount":0,"hasContent":false,"attachmentStep":false},{"name":"$(\"[data-testid='addEditProjectShowAnnouncement']\") click()","time":{"start":1752851488890,"stop":1752851488927,"duration":37},"status":"passed","steps":[],"attachments":[],"parameters":[],"shouldDisplayMessage":false,"stepsCount":0,"attachmentsCount":0,"hasContent":false,"attachmentStep":false},{"name":"$(\"[data-testid='addEditProjectAddButton']\") scroll into view(true)","time":{"start":1752851488927,"stop":1752851488945,"duration":18},"status":"passed","steps":[],"attachments":[],"parameters":[],"shouldDisplayMessage":false,"stepsCount":0,"attachmentsCount":0,"hasContent":false,"attachmentStep":false},{"name":"$(\"[data-testid='addEditProjectAddButton']\") click()","time":{"start":1752851488945,"stop":1752851489294,"duration":349},"status":"passed","steps":[],"attachments":[],"parameters":[],"shouldDisplayMessage":false,"stepsCount":0,"attachmentsCount":0,"hasContent":false,"attachmentStep":false}],"attachments":[],"parameters":[{"name":"projectName","value":"QA esc"},{"name":"projectAnnouncement","value":"Project Description qfu"}],"shouldDisplayMessage":false,"stepsCount":5,"attachmentsCount":0,"hasContent":true,"attachmentStep":false},{"name":"Projects page is opened","time":{"start":1752851489295,"stop":1752851489445,"duration":150},"status":"passed","steps":[{"name":"$(\"[data-testid='testCaseContentHeaderTitle']\") should be(visible)","time":{"start":1752851489295,"stop":1752851489444,"duration":149},"status":"passed","steps":[],"attachments":[],"parameters":[],"shouldDisplayMessage":false,"stepsCount":0,"attachmentsCount":0,"hasContent":false,"attachmentStep":false}],"attachments":[],"parameters":[],"shouldDisplayMessage":false,"stepsCount":1,"attachmentsCount":0,"hasContent":true,"attachmentStep":false},{"name":"Project is created","time":{"start":1752851489445,"stop":1752851489464,"duration":19},"status":"passed","steps":[{"name":"$(\"[data-testid='messageSuccessDivBox']\") should be(visible)","time":{"start":1752851489445,"stop":1752851489464,"duration":19},"status":"passed","steps":[],"attachments":[],"parameters":[],"shouldDisplayMessage":false,"stepsCount":0,"attachmentsCount":0,"hasContent":false,"attachmentStep":false}],"attachments":[],"parameters":[],"shouldDisplayMessage":false,"stepsCount":1,"attachmentsCount":0,"hasContent":true,"attachmentStep":false}],"attachments":[],"parameters":[],"shouldDisplayMessage":false,"stepsCount":23,"attachmentsCount":1,"hasContent":true,"attachmentStep":false},"afterStages":[{"name":"Close browser","time":{"start":1752851493902,"stop":1752851493987,"duration":85},"description":"Close browser","status":"passed","steps":[],"attachments":[],"parameters":[],"shouldDisplayMessage":false,"stepsCount":0,"attachmentsCount":0,"hasContent":false,"attachmentStep":false}],"labels":[{"name":"package","value":"tests.ui.positive_tests.PositiveProjectTest"},{"name":"testClass","value":"tests.ui.positive_tests.PositiveProjectTest"},{"name":"testMethod","value":"checkCreateNewProject"},{"name":"parentSuite","value":"CrossBrowser Run"},{"name":"suite","value":"Chrome"},{"name":"subSuite","value":"tests.ui.positive_tests.PositiveProjectTest"},{"name":"host","value":"pkrvmq0rgcvqdmg"},{"name":"thread","value":"2587@pkrvmq0rgcvqdmg.TestNG-tests-1(21)"},{"name":"framework","value":"testng"},{"name":"language","value":"java"},{"name":"resultFormat","value":"allure2"}],"parameters":[{"name":"browser","value":"chrome"}],"links":[],"hidden":false,"retry":false,"extra":{"severity":"normal","retries":[],"categories":[],"history":{"statistic":{"failed":0,"broken":3,"skipped":0,"passed":5,"unknown":0,"total":8},"items":[{"uid":"9652b251c40f19e5","reportUrl":"https://lagutskaya.github.io/TestRail/13//#testresult/9652b251c40f19e5","status":"passed","time":{"start":1752848412075,"stop":1752848429957,"duration":17882}},{"uid":"df5777e67d0dfd4f","reportUrl":"https://lagutskaya.github.io/TestRail/12//#testresult/df5777e67d0dfd4f","status":"passed","time":{"start":1752847492762,"stop":1752847510720,"duration":17958}},{"uid":"ce0611070cfb0db6","reportUrl":"https://lagutskaya.github.io/TestRail/11//#testresult/ce0611070cfb0db6","status":"passed","time":{"start":1752846939387,"stop":1752846964832,"duration":25445}},{"uid":"6bbc43985600b192","reportUrl":"https://lagutskaya.github.io/TestRail/10//#testresult/6bbc43985600b192","status":"passed","time":{"start":1752846830488,"stop":1752846865717,"duration":35229}},{"uid":"193a9cc79f7d32bd","reportUrl":"https://lagutskaya.github.io/TestRail/9//#testresult/193a9cc79f7d32bd","status":"broken","statusDetails":"Cannot invoke \"java.lang.CharSequence.length()\" because \"this.text\" is null","time":{"start":1752846707861,"stop":1752846707885,"duration":24}},{"uid":"4778edeb995ce629","reportUrl":"https://lagutskaya.github.io/TestRail/8//#testresult/4778edeb995ce629","status":"broken","statusDetails":"Cannot invoke \"java.lang.CharSequence.length()\" because \"this.text\" is null","time":{"start":1752846606092,"stop":1752846606118,"duration":26}},{"uid":"38dba11985125f0b","reportUrl":"https://lagutskaya.github.io/TestRail/7//#testresult/38dba11985125f0b","status":"broken","statusDetails":"Could not start a new session. Response code 500. Message: Process unexpectedly closed with status 1 \nHost info: host: 'pkrvmq0rgcvqdmg', ip: '10.1.0.152'\nBuild info: version: '4.33.0', revision: '2c6aaad03a'\nSystem info: os.name: 'Linux', os.arch: 'amd64', os.version: '6.11.0-1018-azure', java.version: '17.0.15'\nDriver info: org.openqa.selenium.firefox.FirefoxDriver\nCommand: [null, newSession {capabilities=[Capabilities {acceptInsecureCerts: true, browserName: firefox, moz:firefoxOptions: {binary: /usr/bin/firefox, prefs: {browser.download.dir: /home/runner/work/TestRail/..., browser.download.folderList: 2, browser.helperApps.neverAsk.saveToDisk: video/3gpp;video/3gpp2;appl..., network.automatic-ntlm-auth.allow-non-fqdn: true, network.automatic-ntlm-auth.trusted-uris: http://,https://, network.http.phishy-userpass-length: 255, network.negotiate-auth.delegation-uris: http://,https://, network.negotiate-auth.trusted-uris: http://,https://, network.proxy.allow_hijacking_localhost: true, network.proxy.no_proxies_on: , pdfjs.disabled: true, remote.active-protocols: 1, security.csp.enable: false}}, pageLoadStrategy: normal, unhandledPromptBehavior: accept}]}]\nselenide.url: https://qatesttestrailfinalproject123.testrail.io/index.php?/auth/login/\nselenide.baseUrl: http://localhost:8080","time":{"start":1752846036277,"stop":1752846039737,"duration":3460}}]},"tags":[]},"source":"2d7e31cd3c27db6b.json","parameterValues":["chrome"]}